{"/home/zido/captchaly/ts-sdk/src/index.ts": {"path":"/home/zido/captchaly/ts-sdk/src/index.ts","statementMap":{"0":{"start":{"line":3,"column":23},"end":{"line":3,"column":null}},"1":{"start":{"line":5,"column":17},"end":{"line":5,"column":null}},"2":{"start":{"line":6,"column":19},"end":{"line":6,"column":null}},"3":{"start":{"line":7,"column":24},"end":{"line":7,"column":null}},"4":{"start":{"line":8,"column":24},"end":{"line":8,"column":null}},"5":{"start":{"line":9,"column":23},"end":{"line":9,"column":null}},"6":{"start":{"line":12,"column":30},"end":{"line":12,"column":46}},"7":{"start":{"line":15,"column":14},"end":{"line":15,"column":null}},"8":{"start":{"line":16,"column":18},"end":{"line":21,"column":null}},"9":{"start":{"line":23,"column":2},"end":{"line":38,"column":null}},"10":{"start":{"line":23,"column":15},"end":{"line":23,"column":18}},"11":{"start":{"line":24,"column":20},"end":{"line":24,"column":null}},"12":{"start":{"line":25,"column":3},"end":{"line":36,"column":null}},"13":{"start":{"line":26,"column":4},"end":{"line":28,"column":null}},"14":{"start":{"line":27,"column":5},"end":{"line":27,"column":null}},"15":{"start":{"line":30,"column":4},"end":{"line":33,"column":null}},"16":{"start":{"line":31,"column":23},"end":{"line":31,"column":null}},"17":{"start":{"line":32,"column":5},"end":{"line":32,"column":null}},"18":{"start":{"line":35,"column":4},"end":{"line":35,"column":null}},"19":{"start":{"line":37,"column":3},"end":{"line":37,"column":null}},"20":{"start":{"line":39,"column":2},"end":{"line":41,"column":null}},"21":{"start":{"line":48,"column":2},"end":{"line":48,"column":null}},"22":{"start":{"line":59,"column":17},"end":{"line":59,"column":null}},"23":{"start":{"line":60,"column":2},"end":{"line":62,"column":null}},"24":{"start":{"line":61,"column":3},"end":{"line":61,"column":null}},"25":{"start":{"line":63,"column":15},"end":{"line":63,"column":null}},"26":{"start":{"line":64,"column":2},"end":{"line":64,"column":null}},"27":{"start":{"line":76,"column":17},"end":{"line":76,"column":null}},"28":{"start":{"line":77,"column":2},"end":{"line":79,"column":null}},"29":{"start":{"line":78,"column":3},"end":{"line":78,"column":null}},"30":{"start":{"line":80,"column":2},"end":{"line":82,"column":null}},"31":{"start":{"line":81,"column":3},"end":{"line":81,"column":null}},"32":{"start":{"line":83,"column":15},"end":{"line":83,"column":null}},"33":{"start":{"line":84,"column":2},"end":{"line":84,"column":null}},"34":{"start":{"line":94,"column":17},"end":{"line":94,"column":null}},"35":{"start":{"line":95,"column":15},"end":{"line":95,"column":null}},"36":{"start":{"line":96,"column":2},"end":{"line":96,"column":null}},"37":{"start":{"line":108,"column":17},"end":{"line":108,"column":null}},"38":{"start":{"line":109,"column":2},"end":{"line":111,"column":null}},"39":{"start":{"line":110,"column":3},"end":{"line":110,"column":null}},"40":{"start":{"line":112,"column":15},"end":{"line":112,"column":null}},"41":{"start":{"line":113,"column":2},"end":{"line":113,"column":null}},"42":{"start":{"line":125,"column":17},"end":{"line":125,"column":null}},"43":{"start":{"line":126,"column":2},"end":{"line":128,"column":null}},"44":{"start":{"line":127,"column":3},"end":{"line":127,"column":null}},"45":{"start":{"line":129,"column":2},"end":{"line":131,"column":null}},"46":{"start":{"line":130,"column":3},"end":{"line":130,"column":null}},"47":{"start":{"line":132,"column":15},"end":{"line":132,"column":null}},"48":{"start":{"line":133,"column":2},"end":{"line":133,"column":null}},"49":{"start":{"line":143,"column":17},"end":{"line":143,"column":null}},"50":{"start":{"line":144,"column":15},"end":{"line":144,"column":null}},"51":{"start":{"line":145,"column":2},"end":{"line":145,"column":null}}},"fnMap":{"0":{"name":"constructor","decl":{"start":{"line":12,"column":1},"end":{"line":12,"column":13}},"loc":{"start":{"line":12,"column":46},"end":{"line":12,"column":null}},"line":12},"1":{"name":"request","decl":{"start":{"line":14,"column":15},"end":{"line":14,"column":26}},"loc":{"start":{"line":14,"column":112},"end":{"line":42,"column":null}},"line":14},"2":{"name":"account","decl":{"start":{"line":47,"column":7},"end":{"line":47,"column":17}},"loc":{"start":{"line":47,"column":17},"end":{"line":49,"column":null}},"line":47},"3":{"name":"hcaptcha","decl":{"start":{"line":58,"column":7},"end":{"line":58,"column":16}},"loc":{"start":{"line":58,"column":92},"end":{"line":65,"column":null}},"line":58},"4":{"name":"hcaptchaEnterprise","decl":{"start":{"line":75,"column":7},"end":{"line":75,"column":26}},"loc":{"start":{"line":75,"column":119},"end":{"line":85,"column":null}},"line":75},"5":{"name":"recaptchaV2","decl":{"start":{"line":93,"column":7},"end":{"line":93,"column":19}},"loc":{"start":{"line":93,"column":65},"end":{"line":97,"column":null}},"line":93},"6":{"name":"recaptchaV3","decl":{"start":{"line":107,"column":7},"end":{"line":107,"column":19}},"loc":{"start":{"line":107,"column":111},"end":{"line":114,"column":null}},"line":107},"7":{"name":"turnstile","decl":{"start":{"line":124,"column":7},"end":{"line":124,"column":17}},"loc":{"start":{"line":124,"column":110},"end":{"line":134,"column":null}},"line":124},"8":{"name":"geetest","decl":{"start":{"line":142,"column":7},"end":{"line":142,"column":15}},"loc":{"start":{"line":142,"column":63},"end":{"line":146,"column":null}},"line":142}},"branchMap":{"0":{"loc":{"start":{"line":14,"column":40},"end":{"line":14,"column":67}},"type":"default-arg","locations":[{"start":{"line":14,"column":63},"end":{"line":14,"column":67}}],"line":14},"1":{"loc":{"start":{"line":14,"column":67},"end":{"line":14,"column":112}},"type":"default-arg","locations":[{"start":{"line":14,"column":83},"end":{"line":14,"column":112}}],"line":14},"2":{"loc":{"start":{"line":25,"column":3},"end":{"line":36,"column":null}},"type":"if","locations":[{"start":{"line":25,"column":3},"end":{"line":36,"column":null}},{"start":{},"end":{}}],"line":25},"3":{"loc":{"start":{"line":26,"column":4},"end":{"line":28,"column":null}},"type":"if","locations":[{"start":{"line":26,"column":4},"end":{"line":28,"column":null}},{"start":{},"end":{}}],"line":26},"4":{"loc":{"start":{"line":30,"column":4},"end":{"line":33,"column":null}},"type":"if","locations":[{"start":{"line":30,"column":4},"end":{"line":33,"column":null}},{"start":{},"end":{}}],"line":30},"5":{"loc":{"start":{"line":60,"column":2},"end":{"line":62,"column":null}},"type":"if","locations":[{"start":{"line":60,"column":2},"end":{"line":62,"column":null}},{"start":{},"end":{}}],"line":60},"6":{"loc":{"start":{"line":77,"column":2},"end":{"line":79,"column":null}},"type":"if","locations":[{"start":{"line":77,"column":2},"end":{"line":79,"column":null}},{"start":{},"end":{}}],"line":77},"7":{"loc":{"start":{"line":80,"column":2},"end":{"line":82,"column":null}},"type":"if","locations":[{"start":{"line":80,"column":2},"end":{"line":82,"column":null}},{"start":{},"end":{}}],"line":80},"8":{"loc":{"start":{"line":109,"column":2},"end":{"line":111,"column":null}},"type":"if","locations":[{"start":{"line":109,"column":2},"end":{"line":111,"column":null}},{"start":{},"end":{}}],"line":109},"9":{"loc":{"start":{"line":126,"column":2},"end":{"line":128,"column":null}},"type":"if","locations":[{"start":{"line":126,"column":2},"end":{"line":128,"column":null}},{"start":{},"end":{}}],"line":126},"10":{"loc":{"start":{"line":129,"column":2},"end":{"line":131,"column":null}},"type":"if","locations":[{"start":{"line":129,"column":2},"end":{"line":131,"column":null}},{"start":{},"end":{}}],"line":129}},"s":{"0":1,"1":1,"2":1,"3":1,"4":1,"5":1,"6":1,"7":9,"8":9,"9":9,"10":9,"11":9,"12":9,"13":9,"14":0,"15":9,"16":0,"17":0,"18":9,"19":0,"20":0,"21":1,"22":1,"23":1,"24":0,"25":1,"26":1,"27":1,"28":1,"29":0,"30":1,"31":0,"32":1,"33":1,"34":1,"35":1,"36":1,"37":1,"38":1,"39":0,"40":1,"41":1,"42":3,"43":3,"44":1,"45":3,"46":1,"47":3,"48":3,"49":1,"50":1,"51":1},"f":{"0":1,"1":9,"2":1,"3":1,"4":1,"5":1,"6":1,"7":3,"8":1},"b":{"0":[9],"1":[9],"2":[9,0],"3":[0,9],"4":[0,9],"5":[0,1],"6":[0,1],"7":[0,1],"8":[0,1],"9":[1,2],"10":[1,2]},"meta":{"lastBranch":11,"lastFunction":9,"lastStatement":52,"seen":{"s:3:23:3:Infinity":0,"s:5:17:5:Infinity":1,"s:6:19:6:Infinity":2,"s:7:24:7:Infinity":3,"s:8:24:8:Infinity":4,"s:9:23:9:Infinity":5,"f:12:1:12:13":0,"s:12:30:12:46":6,"f:14:15:14:26":1,"b:14:63:14:67":0,"b:14:83:14:112":1,"s:15:14:15:Infinity":7,"s:16:18:21:Infinity":8,"s:23:2:38:Infinity":9,"s:23:15:23:18":10,"s:24:20:24:Infinity":11,"b:25:3:36:Infinity:undefined:undefined:undefined:undefined":2,"s:25:3:36:Infinity":12,"b:26:4:28:Infinity:undefined:undefined:undefined:undefined":3,"s:26:4:28:Infinity":13,"s:27:5:27:Infinity":14,"b:30:4:33:Infinity:undefined:undefined:undefined:undefined":4,"s:30:4:33:Infinity":15,"s:31:23:31:Infinity":16,"s:32:5:32:Infinity":17,"s:35:4:35:Infinity":18,"s:37:3:37:Infinity":19,"s:39:2:41:Infinity":20,"f:47:7:47:17":2,"s:48:2:48:Infinity":21,"f:58:7:58:16":3,"s:59:17:59:Infinity":22,"b:60:2:62:Infinity:undefined:undefined:undefined:undefined":5,"s:60:2:62:Infinity":23,"s:61:3:61:Infinity":24,"s:63:15:63:Infinity":25,"s:64:2:64:Infinity":26,"f:75:7:75:26":4,"s:76:17:76:Infinity":27,"b:77:2:79:Infinity:undefined:undefined:undefined:undefined":6,"s:77:2:79:Infinity":28,"s:78:3:78:Infinity":29,"b:80:2:82:Infinity:undefined:undefined:undefined:undefined":7,"s:80:2:82:Infinity":30,"s:81:3:81:Infinity":31,"s:83:15:83:Infinity":32,"s:84:2:84:Infinity":33,"f:93:7:93:19":5,"s:94:17:94:Infinity":34,"s:95:15:95:Infinity":35,"s:96:2:96:Infinity":36,"f:107:7:107:19":6,"s:108:17:108:Infinity":37,"b:109:2:111:Infinity:undefined:undefined:undefined:undefined":8,"s:109:2:111:Infinity":38,"s:110:3:110:Infinity":39,"s:112:15:112:Infinity":40,"s:113:2:113:Infinity":41,"f:124:7:124:17":7,"s:125:17:125:Infinity":42,"b:126:2:128:Infinity:undefined:undefined:undefined:undefined":9,"s:126:2:128:Infinity":43,"s:127:3:127:Infinity":44,"b:129:2:131:Infinity:undefined:undefined:undefined:undefined":10,"s:129:2:131:Infinity":45,"s:130:3:130:Infinity":46,"s:132:15:132:Infinity":47,"s:133:2:133:Infinity":48,"f:142:7:142:15":8,"s:143:17:143:Infinity":49,"s:144:15:144:Infinity":50,"s:145:2:145:Infinity":51},"fnNames":{}}}
}
